<?xml version="1.0" encoding="UTF-8"?>
<!-- Generated by org.testng.reporters.JUnitXMLReporter -->
<testsuite hostname="DESKTOP-D6P93GQ" ignored="0" name="LoginTest" tests="5" failures="0" timestamp="2023-03-04T17:00:31 PST" time="157.25" errors="0">
  <testcase name="runScenario" time="21.99" classname="io.cucumber.testng.AbstractTestNGCucumberTests"/>
  <testcase name="runScenario" time="30.743" classname="io.cucumber.testng.AbstractTestNGCucumberTests"/>
  <testcase name="runScenario" time="47.405" classname="io.cucumber.testng.AbstractTestNGCucumberTests"/>
  <testcase name="runScenario" time="20.813" classname="io.cucumber.testng.AbstractTestNGCucumberTests"/>
  <testcase name="runScenario" time="35.736" classname="io.cucumber.testng.AbstractTestNGCucumberTests"/>
</testsuite> <!-- LoginTest -->
